{"E:\\2022\\students\\app\\controllers\\students.js": {"path":"E:\\2022\\students\\app\\controllers\\students.js","statementMap":{"0":{"start":{"line":1,"column":13},"end":{"line":1,"column":39}},"1":{"start":{"line":4,"column":17},"end":{"line":34,"column":1}},"2":{"start":{"line":5,"column":2},"end":{"line":5,"column":40}},"3":{"start":{"line":7,"column":20},"end":{"line":15,"column":3}},"4":{"start":{"line":17,"column":2},"end":{"line":33,"column":3}},"5":{"start":{"line":18,"column":4},"end":{"line":29,"column":6}},"6":{"start":{"line":24,"column":8},"end":{"line":26,"column":9}},"7":{"start":{"line":25,"column":10},"end":{"line":25,"column":22}},"8":{"start":{"line":27,"column":8},"end":{"line":27,"column":49}},"9":{"start":{"line":31,"column":4},"end":{"line":31,"column":36}},"10":{"start":{"line":32,"column":4},"end":{"line":32,"column":65}},"11":{"start":{"line":37,"column":23},"end":{"line":57,"column":1}},"12":{"start":{"line":38,"column":2},"end":{"line":38,"column":40}},"13":{"start":{"line":40,"column":2},"end":{"line":56,"column":3}},"14":{"start":{"line":41,"column":18},"end":{"line":41,"column":53}},"15":{"start":{"line":42,"column":19},"end":{"line":42,"column":56}},"16":{"start":{"line":44,"column":4},"end":{"line":52,"column":6}},"17":{"start":{"line":47,"column":8},"end":{"line":49,"column":9}},"18":{"start":{"line":48,"column":10},"end":{"line":48,"column":22}},"19":{"start":{"line":50,"column":8},"end":{"line":50,"column":50}},"20":{"start":{"line":54,"column":4},"end":{"line":54,"column":36}},"21":{"start":{"line":55,"column":4},"end":{"line":55,"column":65}},"22":{"start":{"line":60,"column":22},"end":{"line":60,"column":24}},"23":{"start":{"line":61,"column":17},"end":{"line":61,"column":34}},"24":{"start":{"line":62,"column":2},"end":{"line":71,"column":3}},"25":{"start":{"line":62,"column":19},"end":{"line":62,"column":20}},"26":{"start":{"line":63,"column":4},"end":{"line":67,"column":77}},"27":{"start":{"line":64,"column":6},"end":{"line":64,"column":66}},"28":{"start":{"line":65,"column":9},"end":{"line":67,"column":77}},"29":{"start":{"line":66,"column":6},"end":{"line":66,"column":51}},"30":{"start":{"line":67,"column":9},"end":{"line":67,"column":77}},"31":{"start":{"line":68,"column":4},"end":{"line":70,"column":5}},"32":{"start":{"line":69,"column":6},"end":{"line":69,"column":27}},"33":{"start":{"line":72,"column":2},"end":{"line":72,"column":23}},"34":{"start":{"line":75,"column":22},"end":{"line":106,"column":1}},"35":{"start":{"line":76,"column":2},"end":{"line":76,"column":38}},"36":{"start":{"line":77,"column":24},"end":{"line":77,"column":34}},"37":{"start":{"line":87,"column":2},"end":{"line":105,"column":3}},"38":{"start":{"line":88,"column":4},"end":{"line":101,"column":5}},"39":{"start":{"line":89,"column":26},"end":{"line":89,"column":59}},"40":{"start":{"line":90,"column":6},"end":{"line":98,"column":8}},"41":{"start":{"line":93,"column":10},"end":{"line":95,"column":11}},"42":{"start":{"line":94,"column":12},"end":{"line":94,"column":24}},"43":{"start":{"line":96,"column":10},"end":{"line":96,"column":58}},"44":{"start":{"line":100,"column":6},"end":{"line":100,"column":64}},"45":{"start":{"line":103,"column":4},"end":{"line":103,"column":36}},"46":{"start":{"line":104,"column":4},"end":{"line":104,"column":65}},"47":{"start":{"line":108,"column":0},"end":{"line":112,"column":2}}},"fnMap":{"0":{"name":"(anonymous_0)","decl":{"start":{"line":4,"column":17},"end":{"line":4,"column":18}},"loc":{"start":{"line":4,"column":37},"end":{"line":34,"column":1}},"line":4},"1":{"name":"(anonymous_1)","decl":{"start":{"line":23,"column":6},"end":{"line":23,"column":7}},"loc":{"start":{"line":23,"column":25},"end":{"line":28,"column":7}},"line":23},"2":{"name":"(anonymous_2)","decl":{"start":{"line":37,"column":23},"end":{"line":37,"column":24}},"loc":{"start":{"line":37,"column":43},"end":{"line":57,"column":1}},"line":37},"3":{"name":"(anonymous_3)","decl":{"start":{"line":46,"column":6},"end":{"line":46,"column":7}},"loc":{"start":{"line":46,"column":26},"end":{"line":51,"column":7}},"line":46},"4":{"name":"updatedStringConversion","decl":{"start":{"line":59,"column":9},"end":{"line":59,"column":32}},"loc":{"start":{"line":59,"column":39},"end":{"line":73,"column":1}},"line":59},"5":{"name":"(anonymous_5)","decl":{"start":{"line":75,"column":22},"end":{"line":75,"column":23}},"loc":{"start":{"line":75,"column":42},"end":{"line":106,"column":1}},"line":75},"6":{"name":"(anonymous_6)","decl":{"start":{"line":92,"column":8},"end":{"line":92,"column":9}},"loc":{"start":{"line":92,"column":34},"end":{"line":97,"column":9}},"line":92}},"branchMap":{"0":{"loc":{"start":{"line":24,"column":8},"end":{"line":26,"column":9}},"type":"if","locations":[{"start":{"line":24,"column":8},"end":{"line":26,"column":9}},{"start":{},"end":{}}],"line":24},"1":{"loc":{"start":{"line":41,"column":18},"end":{"line":41,"column":53}},"type":"cond-expr","locations":[{"start":{"line":41,"column":35},"end":{"line":41,"column":49}},{"start":{"line":41,"column":52},"end":{"line":41,"column":53}}],"line":41},"2":{"loc":{"start":{"line":42,"column":19},"end":{"line":42,"column":56}},"type":"cond-expr","locations":[{"start":{"line":42,"column":37},"end":{"line":42,"column":52}},{"start":{"line":42,"column":55},"end":{"line":42,"column":56}}],"line":42},"3":{"loc":{"start":{"line":47,"column":8},"end":{"line":49,"column":9}},"type":"if","locations":[{"start":{"line":47,"column":8},"end":{"line":49,"column":9}},{"start":{},"end":{}}],"line":47},"4":{"loc":{"start":{"line":63,"column":4},"end":{"line":67,"column":77}},"type":"if","locations":[{"start":{"line":63,"column":4},"end":{"line":67,"column":77}},{"start":{"line":65,"column":9},"end":{"line":67,"column":77}}],"line":63},"5":{"loc":{"start":{"line":65,"column":9},"end":{"line":67,"column":77}},"type":"if","locations":[{"start":{"line":65,"column":9},"end":{"line":67,"column":77}},{"start":{"line":67,"column":9},"end":{"line":67,"column":77}}],"line":65},"6":{"loc":{"start":{"line":68,"column":4},"end":{"line":70,"column":5}},"type":"if","locations":[{"start":{"line":68,"column":4},"end":{"line":70,"column":5}},{"start":{},"end":{}}],"line":68},"7":{"loc":{"start":{"line":88,"column":4},"end":{"line":101,"column":5}},"type":"if","locations":[{"start":{"line":88,"column":4},"end":{"line":101,"column":5}},{"start":{"line":99,"column":11},"end":{"line":101,"column":5}}],"line":88},"8":{"loc":{"start":{"line":93,"column":10},"end":{"line":95,"column":11}},"type":"if","locations":[{"start":{"line":93,"column":10},"end":{"line":95,"column":11}},{"start":{},"end":{}}],"line":93}},"s":{"0":1,"1":1,"2":1,"3":1,"4":1,"5":1,"6":0,"7":0,"8":0,"9":0,"10":0,"11":1,"12":1,"13":1,"14":1,"15":1,"16":1,"17":0,"18":0,"19":0,"20":0,"21":0,"22":1,"23":1,"24":1,"25":1,"26":1,"27":0,"28":1,"29":0,"30":1,"31":1,"32":0,"33":1,"34":1,"35":1,"36":1,"37":1,"38":1,"39":1,"40":1,"41":0,"42":0,"43":0,"44":0,"45":0,"46":0,"47":1},"f":{"0":1,"1":0,"2":1,"3":0,"4":1,"5":1,"6":0},"b":{"0":[0,0],"1":[0,1],"2":[0,1],"3":[0,0],"4":[0,1],"5":[0,1],"6":[0,1],"7":[1,0],"8":[0,0]},"_coverageSchema":"1a1c01bbd47fc00a2c39e90264f33305004495a9","hash":"bb06ead5177b0354f96603561ca382bf0dcb8a13"}
,"E:\\2022\\students\\app\\controllers\\users.js": {"path":"E:\\2022\\students\\app\\controllers\\users.js","statementMap":{"0":{"start":{"line":1,"column":13},"end":{"line":1,"column":39}},"1":{"start":{"line":2,"column":12},"end":{"line":2,"column":35}},"2":{"start":{"line":5,"column":14},"end":{"line":30,"column":1}},"3":{"start":{"line":6,"column":2},"end":{"line":6,"column":36}},"4":{"start":{"line":8,"column":17},"end":{"line":15,"column":3}},"5":{"start":{"line":17,"column":2},"end":{"line":29,"column":3}},"6":{"start":{"line":18,"column":4},"end":{"line":25,"column":7}},"7":{"start":{"line":21,"column":6},"end":{"line":23,"column":7}},"8":{"start":{"line":22,"column":8},"end":{"line":22,"column":19}},"9":{"start":{"line":24,"column":6},"end":{"line":24,"column":47}},"10":{"start":{"line":27,"column":4},"end":{"line":27,"column":35}},"11":{"start":{"line":28,"column":4},"end":{"line":28,"column":52}},"12":{"start":{"line":33,"column":14},"end":{"line":59,"column":1}},"13":{"start":{"line":34,"column":2},"end":{"line":34,"column":47}},"14":{"start":{"line":36,"column":23},"end":{"line":36,"column":31}},"15":{"start":{"line":38,"column":2},"end":{"line":58,"column":3}},"16":{"start":{"line":39,"column":21},"end":{"line":39,"column":91}},"17":{"start":{"line":40,"column":4},"end":{"line":42,"column":5}},"18":{"start":{"line":41,"column":6},"end":{"line":41,"column":50}},"19":{"start":{"line":43,"column":22},"end":{"line":48,"column":5}},"20":{"start":{"line":49,"column":18},"end":{"line":53,"column":5}},"21":{"start":{"line":54,"column":4},"end":{"line":54,"column":50}},"22":{"start":{"line":56,"column":4},"end":{"line":56,"column":35}},"23":{"start":{"line":57,"column":4},"end":{"line":57,"column":52}},"24":{"start":{"line":63,"column":21},"end":{"line":86,"column":1}},"25":{"start":{"line":64,"column":2},"end":{"line":64,"column":43}},"26":{"start":{"line":65,"column":21},"end":{"line":65,"column":29}},"27":{"start":{"line":66,"column":21},"end":{"line":66,"column":57}},"28":{"start":{"line":67,"column":2},"end":{"line":67,"column":43}},"29":{"start":{"line":68,"column":2},"end":{"line":85,"column":3}},"30":{"start":{"line":69,"column":4},"end":{"line":81,"column":5}},"31":{"start":{"line":70,"column":6},"end":{"line":78,"column":8}},"32":{"start":{"line":73,"column":10},"end":{"line":75,"column":11}},"33":{"start":{"line":74,"column":12},"end":{"line":74,"column":24}},"34":{"start":{"line":76,"column":10},"end":{"line":76,"column":58}},"35":{"start":{"line":80,"column":6},"end":{"line":80,"column":61}},"36":{"start":{"line":83,"column":4},"end":{"line":83,"column":36}},"37":{"start":{"line":84,"column":4},"end":{"line":84,"column":69}},"38":{"start":{"line":88,"column":0},"end":{"line":92,"column":2}}},"fnMap":{"0":{"name":"(anonymous_0)","decl":{"start":{"line":5,"column":14},"end":{"line":5,"column":15}},"loc":{"start":{"line":5,"column":34},"end":{"line":30,"column":1}},"line":5},"1":{"name":"(anonymous_1)","decl":{"start":{"line":20,"column":61},"end":{"line":20,"column":62}},"loc":{"start":{"line":20,"column":80},"end":{"line":25,"column":5}},"line":20},"2":{"name":"(anonymous_2)","decl":{"start":{"line":33,"column":14},"end":{"line":33,"column":15}},"loc":{"start":{"line":33,"column":34},"end":{"line":59,"column":1}},"line":33},"3":{"name":"(anonymous_3)","decl":{"start":{"line":63,"column":21},"end":{"line":63,"column":22}},"loc":{"start":{"line":63,"column":41},"end":{"line":86,"column":1}},"line":63},"4":{"name":"(anonymous_4)","decl":{"start":{"line":72,"column":8},"end":{"line":72,"column":9}},"loc":{"start":{"line":72,"column":34},"end":{"line":77,"column":9}},"line":72}},"branchMap":{"0":{"loc":{"start":{"line":21,"column":6},"end":{"line":23,"column":7}},"type":"if","locations":[{"start":{"line":21,"column":6},"end":{"line":23,"column":7}},{"start":{},"end":{}}],"line":21},"1":{"loc":{"start":{"line":40,"column":4},"end":{"line":42,"column":5}},"type":"if","locations":[{"start":{"line":40,"column":4},"end":{"line":42,"column":5}},{"start":{},"end":{}}],"line":40},"2":{"loc":{"start":{"line":69,"column":4},"end":{"line":81,"column":5}},"type":"if","locations":[{"start":{"line":69,"column":4},"end":{"line":81,"column":5}},{"start":{"line":79,"column":11},"end":{"line":81,"column":5}}],"line":69},"3":{"loc":{"start":{"line":73,"column":10},"end":{"line":75,"column":11}},"type":"if","locations":[{"start":{"line":73,"column":10},"end":{"line":75,"column":11}},{"start":{},"end":{}}],"line":73}},"s":{"0":1,"1":1,"2":1,"3":1,"4":1,"5":1,"6":1,"7":0,"8":0,"9":0,"10":0,"11":0,"12":1,"13":1,"14":1,"15":1,"16":1,"17":1,"18":0,"19":1,"20":1,"21":1,"22":0,"23":0,"24":1,"25":1,"26":1,"27":1,"28":1,"29":1,"30":1,"31":1,"32":0,"33":0,"34":0,"35":0,"36":0,"37":0,"38":1},"f":{"0":1,"1":0,"2":1,"3":1,"4":0},"b":{"0":[0,0],"1":[0,1],"2":[1,0],"3":[0,0]},"_coverageSchema":"1a1c01bbd47fc00a2c39e90264f33305004495a9","hash":"6509d993ef9053a9704fcaea0e22f280bbd8945e"}
,"E:\\2022\\students\\config\\db.js": {"path":"E:\\2022\\students\\config\\db.js","statementMap":{"0":{"start":{"line":1,"column":13},"end":{"line":1,"column":31}},"1":{"start":{"line":3,"column":13},"end":{"line":9,"column":2}},"2":{"start":{"line":11,"column":0},"end":{"line":15,"column":3}},"3":{"start":{"line":12,"column":4},"end":{"line":13,"column":32}},"4":{"start":{"line":13,"column":8},"end":{"line":13,"column":32}},"5":{"start":{"line":14,"column":4},"end":{"line":14,"column":50}},"6":{"start":{"line":17,"column":0},"end":{"line":17,"column":22}}},"fnMap":{"0":{"name":"(anonymous_0)","decl":{"start":{"line":11,"column":13},"end":{"line":11,"column":14}},"loc":{"start":{"line":11,"column":22},"end":{"line":15,"column":1}},"line":11}},"branchMap":{"0":{"loc":{"start":{"line":12,"column":4},"end":{"line":13,"column":32}},"type":"if","locations":[{"start":{"line":12,"column":4},"end":{"line":13,"column":32}},{"start":{},"end":{}}],"line":12}},"s":{"0":2,"1":2,"2":2,"3":0,"4":0,"5":0,"6":2},"f":{"0":0},"b":{"0":[0,0]},"_coverageSchema":"1a1c01bbd47fc00a2c39e90264f33305004495a9","hash":"967dad9d0801cc13cd91e3fbf5f106e6884e4090"}
}
