TN:
SF:app\controllers\students.js
FN:4,(anonymous_0)
FN:23,(anonymous_1)
FN:37,(anonymous_2)
FN:46,(anonymous_3)
FN:59,updatedStringConversion
FN:75,(anonymous_5)
FN:92,(anonymous_6)
FNF:7
FNH:4
FNDA:1,(anonymous_0)
FNDA:0,(anonymous_1)
FNDA:1,(anonymous_2)
FNDA:0,(anonymous_3)
FNDA:1,updatedStringConversion
FNDA:1,(anonymous_5)
FNDA:0,(anonymous_6)
DA:1,1
DA:4,1
DA:5,1
DA:7,1
DA:17,1
DA:18,1
DA:24,0
DA:25,0
DA:27,0
DA:31,0
DA:32,0
DA:37,1
DA:38,1
DA:40,1
DA:41,1
DA:42,1
DA:44,1
DA:47,0
DA:48,0
DA:50,0
DA:54,0
DA:55,0
DA:60,1
DA:61,1
DA:62,1
DA:63,1
DA:64,0
DA:65,1
DA:66,0
DA:67,1
DA:68,1
DA:69,0
DA:72,1
DA:75,1
DA:76,1
DA:77,1
DA:87,1
DA:88,1
DA:89,1
DA:90,1
DA:93,0
DA:94,0
DA:96,0
DA:100,0
DA:103,0
DA:104,0
DA:108,1
LF:47
LH:28
BRDA:24,0,0,0
BRDA:24,0,1,0
BRDA:41,1,0,0
BRDA:41,1,1,1
BRDA:42,2,0,0
BRDA:42,2,1,1
BRDA:47,3,0,0
BRDA:47,3,1,0
BRDA:63,4,0,0
BRDA:63,4,1,1
BRDA:65,5,0,0
BRDA:65,5,1,1
BRDA:68,6,0,0
BRDA:68,6,1,1
BRDA:88,7,0,1
BRDA:88,7,1,0
BRDA:93,8,0,0
BRDA:93,8,1,0
BRF:18
BRH:6
end_of_record
TN:
SF:app\controllers\users.js
FN:5,(anonymous_0)
FN:20,(anonymous_1)
FN:33,(anonymous_2)
FN:63,(anonymous_3)
FN:72,(anonymous_4)
FNF:5
FNH:3
FNDA:1,(anonymous_0)
FNDA:0,(anonymous_1)
FNDA:1,(anonymous_2)
FNDA:1,(anonymous_3)
FNDA:0,(anonymous_4)
DA:1,1
DA:2,1
DA:5,1
DA:6,1
DA:8,1
DA:17,1
DA:18,1
DA:21,0
DA:22,0
DA:24,0
DA:27,0
DA:28,0
DA:33,1
DA:34,1
DA:36,1
DA:38,1
DA:39,1
DA:40,1
DA:41,0
DA:43,1
DA:49,1
DA:54,1
DA:56,0
DA:57,0
DA:63,1
DA:64,1
DA:65,1
DA:66,1
DA:67,1
DA:68,1
DA:69,1
DA:70,1
DA:73,0
DA:74,0
DA:76,0
DA:80,0
DA:83,0
DA:84,0
DA:88,1
LF:39
LH:25
BRDA:21,0,0,0
BRDA:21,0,1,0
BRDA:40,1,0,0
BRDA:40,1,1,1
BRDA:69,2,0,1
BRDA:69,2,1,0
BRDA:73,3,0,0
BRDA:73,3,1,0
BRF:8
BRH:2
end_of_record
TN:
SF:config\db.js
FN:11,(anonymous_0)
FNF:1
FNH:0
FNDA:0,(anonymous_0)
DA:1,2
DA:3,2
DA:11,2
DA:12,0
DA:13,0
DA:14,0
DA:17,2
LF:7
LH:4
BRDA:12,0,0,0
BRDA:12,0,1,0
BRF:2
BRH:0
end_of_record
